<?xml version="1.0" encoding="UTF-8"?>
<testsuite xmlns:xsi="http://www.w3.org/2001/XMLSchema-instance" xsi:noNamespaceSchemaLocation="https://maven.apache.org/surefire/maven-surefire-plugin/xsd/surefire-test-report.xsd" version="3.0.2" name="com.fitlife.gateway.ApiGatewayApplicationTests" time="25.318" tests="1" errors="0" skipped="0" failures="0" flakes="0">
  <properties>
[...]
</properties>
  <testcase name="contextLoads" classname="com.fitlife.gateway.ApiGatewayApplicationTests" time="4.915">
    <system-out><![CDATA[21:09:27.059 [main] INFO org.springframework.test.context.support.AnnotationConfigContextLoaderUtils -- Could not detect default configuration classes for test class [com.fitlife.gateway.ApiGatewayApplicationTests]: ApiGatewayApplicationTests does not declare any static, non-private, non-final, nested classes annotated with @Configuration.
21:09:27.806 [main] INFO org.springframework.boot.test.context.SpringBootTestContextBootstrapper -- Found @SpringBootConfiguration com.fitlife.gateway.ApiGatewayApplication for test class com.fitlife.gateway.ApiGatewayApplicationTests

  .   ____          _            __ _ _
 /\\ / ___'_ __ _ _(_)_ __  __ _ \ \ \ \
( ( )\___ | '_ | '_| | '_ \/ _` | \ \ \ \
 \\/  ___)| |_)| | | | | || (_| |  ) ) ) )
  '  |____| .__|_| |_|_| |_\__, | / / / /
 =========|_|==============|___/=/_/_/_/

 :: Spring Boot ::               (v3.5.16)

2026-07-13 21:09:32 - INFO  [main] c.f.g.ApiGatewayApplicationTests - Starting ApiGatewayApplicationTests using Java 17.0.19 with PID 21756 (started by ignac in C:\dev\FitLife-SPA-Backend\FitLife-SPA-Backend\api-gateway-FitLife-SPA)
2026-07-13 21:09:32 - INFO  [main] c.f.g.ApiGatewayApplicationTests - No active profile set, falling back to 1 default profile: "default"
2026-07-13 21:09:38 - INFO  [main] o.s.cloud.context.scope.GenericScope - BeanFactory id=3707f13f-e739-3266-9e7a-7772f9b91b76
2026-07-13 21:09:40 - WARN  [main] o.s.c.g.c.GatewayClassPathWarningAutoConfiguration - 

**********************************************************

The artifact spring-cloud-gateway-server is deprecated. It will be removed in the next major release. Please add spring-cloud-gateway-server-webflux dependency.

**********************************************************


2026-07-13 21:09:43 - INFO  [main] o.s.c.g.r.RouteDefinitionRouteLocator - Loaded RoutePredicateFactory [After]
2026-07-13 21:09:43 - INFO  [main] o.s.c.g.r.RouteDefinitionRouteLocator - Loaded RoutePredicateFactory [Before]
2026-07-13 21:09:43 - INFO  [main] o.s.c.g.r.RouteDefinitionRouteLocator - Loaded RoutePredicateFactory [Between]
2026-07-13 21:09:43 - INFO  [main] o.s.c.g.r.RouteDefinitionRouteLocator - Loaded RoutePredicateFactory [Cookie]
2026-07-13 21:09:43 - INFO  [main] o.s.c.g.r.RouteDefinitionRouteLocator - Loaded RoutePredicateFactory [Header]
2026-07-13 21:09:43 - INFO  [main] o.s.c.g.r.RouteDefinitionRouteLocator - Loaded RoutePredicateFactory [Host]
2026-07-13 21:09:43 - INFO  [main] o.s.c.g.r.RouteDefinitionRouteLocator - Loaded RoutePredicateFactory [Method]
2026-07-13 21:09:43 - INFO  [main] o.s.c.g.r.RouteDefinitionRouteLocator - Loaded RoutePredicateFactory [Path]
2026-07-13 21:09:43 - INFO  [main] o.s.c.g.r.RouteDefinitionRouteLocator - Loaded RoutePredicateFactory [Query]
2026-07-13 21:09:43 - INFO  [main] o.s.c.g.r.RouteDefinitionRouteLocator - Loaded RoutePredicateFactory [ReadBody]
2026-07-13 21:09:43 - INFO  [main] o.s.c.g.r.RouteDefinitionRouteLocator - Loaded RoutePredicateFactory [RemoteAddr]
2026-07-13 21:09:43 - INFO  [main] o.s.c.g.r.RouteDefinitionRouteLocator - Loaded RoutePredicateFactory [XForwardedRemoteAddr]
2026-07-13 21:09:43 - INFO  [main] o.s.c.g.r.RouteDefinitionRouteLocator - Loaded RoutePredicateFactory [Weight]
2026-07-13 21:09:43 - INFO  [main] o.s.c.g.r.RouteDefinitionRouteLocator - Loaded RoutePredicateFactory [CloudFoundryRouteService]
2026-07-13 21:09:44 - INFO  [main] o.s.b.a.e.web.EndpointLinksResolver - Exposing 2 endpoints beneath base path '/actuator'
2026-07-13 21:09:45 - WARN  [main] o.s.c.g.s.w.s.StarterDeprecatedAutoConfiguration - 

**********************************************************

spring-cloud-starter-gateway is deprecated. It will be removed in the next major release. Please use spring-cloud-starter-gateway-server-webflux instead.

**********************************************************


2026-07-13 21:09:46 - INFO  [main] c.f.g.ApiGatewayApplicationTests - Started ApiGatewayApplicationTests in 16.982 seconds (process running for 24.696)
2026-07-13 21:09:46 - WARN  [main] o.s.c.g.c.GatewayServerWebfluxPropertiesMigrationListener - 
The use of configuration keys that have been renamed was found in the environment:

Property source 'Config resource 'class path resource [application.yml]' via location 'optional:classpath:/'':
	Key: spring.cloud.gateway.routes[0].id
		Line: 29
		Replacement: spring.cloud.gateway.server.webflux.routes[0].id
	Key: spring.cloud.gateway.routes[0].uri
		Line: 30
		Replacement: spring.cloud.gateway.server.webflux.routes[0].uri
	Key: spring.cloud.gateway.routes[0].predicates[0]
		Line: 32
		Replacement: spring.cloud.gateway.server.webflux.routes[0].predicates[0]
	Key: spring.cloud.gateway.routes[1].id
		Line: 34
		Replacement: spring.cloud.gateway.server.webflux.routes[1].id
	Key: spring.cloud.gateway.routes[1].uri
		Line: 35
		Replacement: spring.cloud.gateway.server.webflux.routes[1].uri
	Key: spring.cloud.gateway.routes[1].predicates[0]
		Line: 37
		Replacement: spring.cloud.gateway.server.webflux.routes[1].predicates[0]
	Key: spring.cloud.gateway.routes[2].id
		Line: 39
		Replacement: spring.cloud.gateway.server.webflux.routes[2].id
	Key: spring.cloud.gateway.routes[2].uri
		Line: 40
		Replacement: spring.cloud.gateway.server.webflux.routes[2].uri
	Key: spring.cloud.gateway.routes[2].predicates[0]
		Line: 42
		Replacement: spring.cloud.gateway.server.webflux.routes[2].predicates[0]
	Key: spring.cloud.gateway.routes[3].id
		Line: 44
		Replacement: spring.cloud.gateway.server.webflux.routes[3].id
	Key: spring.cloud.gateway.routes[3].uri
		Line: 45
		Replacement: spring.cloud.gateway.server.webflux.routes[3].uri
	Key: spring.cloud.gateway.routes[3].predicates[0]
		Line: 47
		Replacement: spring.cloud.gateway.server.webflux.routes[3].predicates[0]
	Key: spring.cloud.gateway.routes[3].filters[0]
		Line: 49
		Replacement: spring.cloud.gateway.server.webflux.routes[3].filters[0]
	Key: spring.cloud.gateway.routes[4].id
		Line: 52
		Replacement: spring.cloud.gateway.server.webflux.routes[4].id
	Key: spring.cloud.gateway.routes[4].uri
		Line: 53
		Replacement: spring.cloud.gateway.server.webflux.routes[4].uri
	Key: spring.cloud.gateway.routes[4].predicates[0]
		Line: 55
		Replacement: spring.cloud.gateway.server.webflux.routes[4].predicates[0]
	Key: spring.cloud.gateway.routes[5].id
		Line: 57
		Replacement: spring.cloud.gateway.server.webflux.routes[5].id
	Key: spring.cloud.gateway.routes[5].uri
		Line: 58
		Replacement: spring.cloud.gateway.server.webflux.routes[5].uri
	Key: spring.cloud.gateway.routes[5].predicates[0]
		Line: 60
		Replacement: spring.cloud.gateway.server.webflux.routes[5].predicates[0]
	Key: spring.cloud.gateway.routes[5].filters[0]
		Line: 62
		Replacement: spring.cloud.gateway.server.webflux.routes[5].filters[0]
	Key: spring.cloud.gateway.routes[6].id
		Line: 65
		Replacement: spring.cloud.gateway.server.webflux.routes[6].id
	Key: spring.cloud.gateway.routes[6].uri
		Line: 66
		Replacement: spring.cloud.gateway.server.webflux.routes[6].uri
	Key: spring.cloud.gateway.routes[6].predicates[0]
		Line: 68
		Replacement: spring.cloud.gateway.server.webflux.routes[6].predicates[0]
	Key: spring.cloud.gateway.routes[7].id
		Line: 71
		Replacement: spring.cloud.gateway.server.webflux.routes[7].id
	Key: spring.cloud.gateway.routes[7].uri
		Line: 72
		Replacement: spring.cloud.gateway.server.webflux.routes[7].uri
	Key: spring.cloud.gateway.routes[7].predicates[0]
		Line: 74
		Replacement: spring.cloud.gateway.server.webflux.routes[7].predicates[0]
	Key: spring.cloud.gateway.routes[8].id
		Line: 77
		Replacement: spring.cloud.gateway.server.webflux.routes[8].id
	Key: spring.cloud.gateway.routes[8].uri
		Line: 78
		Replacement: spring.cloud.gateway.server.webflux.routes[8].uri
	Key: spring.cloud.gateway.routes[8].predicates[0]
		Line: 80
		Replacement: spring.cloud.gateway.server.webflux.routes[8].predicates[0]
	Key: spring.cloud.gateway.routes[9].id
		Line: 82
		Replacement: spring.cloud.gateway.server.webflux.routes[9].id
	Key: spring.cloud.gateway.routes[9].uri
		Line: 83
		Replacement: spring.cloud.gateway.server.webflux.routes[9].uri
	Key: spring.cloud.gateway.routes[9].predicates[0]
		Line: 85
		Replacement: spring.cloud.gateway.server.webflux.routes[9].predicates[0]
	Key: spring.cloud.gateway.routes[10].id
		Line: 88
		Replacement: spring.cloud.gateway.server.webflux.routes[10].id
	Key: spring.cloud.gateway.routes[10].uri
		Line: 89
		Replacement: spring.cloud.gateway.server.webflux.routes[10].uri
	Key: spring.cloud.gateway.routes[10].predicates[0]
		Line: 91
		Replacement: spring.cloud.gateway.server.webflux.routes[10].predicates[0]
	Key: spring.cloud.gateway.routes[11].id
		Line: 94
		Replacement: spring.cloud.gateway.server.webflux.routes[11].id
	Key: spring.cloud.gateway.routes[11].uri
		Line: 95
		Replacement: spring.cloud.gateway.server.webflux.routes[11].uri
	Key: spring.cloud.gateway.routes[11].predicates[0]
		Line: 97
		Replacement: spring.cloud.gateway.server.webflux.routes[11].predicates[0]
	Key: spring.cloud.gateway.routes[12].id
		Line: 100
		Replacement: spring.cloud.gateway.server.webflux.routes[12].id
	Key: spring.cloud.gateway.routes[12].uri
		Line: 101
		Replacement: spring.cloud.gateway.server.webflux.routes[12].uri
	Key: spring.cloud.gateway.routes[12].predicates[0]
		Line: 103
		Replacement: spring.cloud.gateway.server.webflux.routes[12].predicates[0]
	Key: spring.cloud.gateway.routes[13].id
		Line: 106
		Replacement: spring.cloud.gateway.server.webflux.routes[13].id
	Key: spring.cloud.gateway.routes[13].uri
		Line: 107
		Replacement: spring.cloud.gateway.server.webflux.routes[13].uri
	Key: spring.cloud.gateway.routes[13].predicates[0]
		Line: 109
		Replacement: spring.cloud.gateway.server.webflux.routes[13].predicates[0]


Each configuration key has been temporarily mapped to its replacement for your convenience. To silence this warning, please update your configuration to use the new keys.

2026-07-13 21:09:46 - WARN  [main] o.s.b.c.p.m.PropertiesMigrationListener - 
The use of configuration keys that have been renamed was found in the environment:

Property source 'Config resource 'class path resource [application.yml]' via location 'optional:classpath:/'':
	Key: spring.cloud.gateway.discovery.locator.enabled
		Line: 13
		Replacement: spring.cloud.gateway.server.webflux.discovery.locator.enabled
	Key: spring.cloud.gateway.globalcors.cors-configurations[/**].allowedorigins
		Line: 18
		Replacement: spring.cloud.gateway.server.webflux.globalcors.cors-configurations[/**].allowedorigins
	Key: spring.cloud.gateway.globalcors.cors-configurations[/**].allowedmethods[0]
		Line: 20
		Replacement: spring.cloud.gateway.server.webflux.globalcors.cors-configurations[/**].allowedmethods[0]
	Key: spring.cloud.gateway.globalcors.cors-configurations[/**].allowedmethods[1]
		Line: 21
		Replacement: spring.cloud.gateway.server.webflux.globalcors.cors-configurations[/**].allowedmethods[1]
	Key: spring.cloud.gateway.globalcors.cors-configurations[/**].allowedmethods[2]
		Line: 22
		Replacement: spring.cloud.gateway.server.webflux.globalcors.cors-configurations[/**].allowedmethods[2]
	Key: spring.cloud.gateway.globalcors.cors-configurations[/**].allowedmethods[3]
		Line: 23
		Replacement: spring.cloud.gateway.server.webflux.globalcors.cors-configurations[/**].allowedmethods[3]
	Key: spring.cloud.gateway.globalcors.cors-configurations[/**].allowedmethods[4]
		Line: 24
		Replacement: spring.cloud.gateway.server.webflux.globalcors.cors-configurations[/**].allowedmethods[4]
	Key: spring.cloud.gateway.globalcors.cors-configurations[/**].allowedheaders
		Line: 25
		Replacement: spring.cloud.gateway.server.webflux.globalcors.cors-configurations[/**].allowedheaders


Each configuration key has been temporarily mapped to its replacement for your convenience. To silence this warning, please update your configuration to use the new keys.

]]></system-out>
  </testcase>
</testsuite>