<?xml version="1.0" encoding="UTF-8"?>
<testsuite xmlns:xsi="http://www.w3.org/2001/XMLSchema-instance" xsi:noNamespaceSchemaLocation="https://maven.apache.org/surefire/maven-surefire-plugin/xsd/surefire-test-report.xsd" version="3.0.2" name="com.fitlife.fitlifespa.FitlifespaApplicationTests" time="50.366" tests="1" errors="0" skipped="0" failures="0" flakes="0">
  <properties>
[...]
</properties>
  <testcase name="contextLoads" classname="com.fitlife.fitlifespa.FitlifespaApplicationTests" time="2.405">
    <system-out><![CDATA[16:58:38.243 [main] INFO org.springframework.test.context.support.AnnotationConfigContextLoaderUtils -- Could not detect default configuration classes for test class [com.fitlife.fitlifespa.FitlifespaApplicationTests]: FitlifespaApplicationTests does not declare any static, non-private, non-final, nested classes annotated with @Configuration.
16:58:40.007 [main] INFO org.springframework.boot.test.context.SpringBootTestContextBootstrapper -- Found @SpringBootConfiguration com.fitlife.fitlifespa.FitlifespaApplication for test class com.fitlife.fitlifespa.FitlifespaApplicationTests

  .   ____          _            __ _ _
 /\\ / ___'_ __ _ _(_)_ __  __ _ \ \ \ \
( ( )\___ | '_ | '_| | '_ \/ _` | \ \ \ \
 \\/  ___)| |_)| | | | | || (_| |  ) ) ) )
  '  |____| .__|_| |_|_| |_\__, | / / / /
 =========|_|==============|___/=/_/_/_/

 :: Spring Boot ::               (v3.5.16)

2026-07-13 16:58:45 - INFO  [main] c.f.f.FitlifespaApplicationTests - Starting FitlifespaApplicationTests using Java 17.0.19 with PID 13564 (started by ignac in C:\dev\FitLife-SPA-Backend\FitLife-SPA-Backend\ms-notificaciones-FitLife-SPA)
2026-07-13 16:58:45 - INFO  [main] c.f.f.FitlifespaApplicationTests - The following 1 profile is active: "dev"
2026-07-13 16:58:56 - INFO  [main] o.s.d.r.c.RepositoryConfigurationDelegate - Bootstrapping Spring Data JPA repositories in DEFAULT mode.
2026-07-13 16:58:57 - INFO  [main] o.s.d.r.c.RepositoryConfigurationDelegate - Finished Spring Data repository scanning in 136 ms. Found 1 JPA repository interface.
2026-07-13 16:59:00 - INFO  [main] com.zaxxer.hikari.HikariDataSource - HikariPool-1 - Starting...
2026-07-13 16:59:01 - INFO  [main] com.zaxxer.hikari.pool.HikariPool - HikariPool-1 - Added connection org.sqlite.jdbc4.JDBC4Connection@45ed58b
2026-07-13 16:59:01 - INFO  [main] com.zaxxer.hikari.HikariDataSource - HikariPool-1 - Start completed.
2026-07-13 16:59:02 - INFO  [main] o.f.c.i.license.VersionPrinter - Flyway Community Edition 9.22.3 by Redgate
2026-07-13 16:59:02 - INFO  [main] o.f.c.i.license.VersionPrinter - See release notes here: https://rd.gt/416ObMi
2026-07-13 16:59:02 - INFO  [main] o.f.c.i.license.VersionPrinter - 
2026-07-13 16:59:02 - INFO  [main] org.flywaydb.core.FlywayExecutor - Database: jdbc:sqlite:db_notificaciones.db (SQLite 3.45)
2026-07-13 16:59:02 - INFO  [main] o.f.c.i.s.JdbcTableSchemaHistory - Schema history table "main"."flyway_schema_history" does not exist yet
2026-07-13 16:59:02 - INFO  [main] o.f.core.internal.command.DbValidate - Successfully validated 1 migration (execution time 00:00.123s)
2026-07-13 16:59:02 - INFO  [main] o.f.c.i.s.JdbcTableSchemaHistory - Creating Schema History table "main"."flyway_schema_history" ...
2026-07-13 16:59:03 - INFO  [main] o.f.core.internal.command.DbMigrate - Current version of schema "main": << Empty Schema >>
2026-07-13 16:59:03 - INFO  [main] o.f.core.internal.command.DbMigrate - Migrating schema "main" to version "1 - create notificacion table"
2026-07-13 16:59:03 - INFO  [main] o.f.core.internal.command.DbMigrate - Successfully applied 1 migration to schema "main", now at version v1 (execution time 00:00.012s)
2026-07-13 16:59:04 - INFO  [main] o.h.jpa.internal.util.LogHelper - HHH000204: Processing PersistenceUnitInfo [name: default]
2026-07-13 16:59:05 - INFO  [main] org.hibernate.Version - HHH000412: Hibernate ORM core version 6.6.53.Final
2026-07-13 16:59:05 - INFO  [main] o.h.c.i.RegionFactoryInitiator - HHH000026: Second-level cache disabled
2026-07-13 16:59:07 - INFO  [main] o.s.o.j.p.SpringPersistenceUnitInfo - No LoadTimeWeaver setup: ignoring JPA class transformer
2026-07-13 16:59:08 - INFO  [main] o.hibernate.orm.connections.pooling - HHH10001005: Database info:
	Database JDBC URL [Connecting through datasource 'HikariDataSource (HikariPool-1)']
	Database driver: undefined/unknown
	Database version: 3.45.1
	Autocommit mode: undefined/unknown
	Isolation level: undefined/unknown
	Minimum pool size: undefined/unknown
	Maximum pool size: undefined/unknown
2026-07-13 16:59:16 - INFO  [main] o.h.e.t.j.p.i.JtaPlatformInitiator - HHH000489: No JTA platform available (set 'hibernate.transaction.jta.platform' to enable JTA platform integration)
2026-07-13 16:59:16 - INFO  [main] o.s.o.j.LocalContainerEntityManagerFactoryBean - Initialized JPA EntityManagerFactory for persistence unit 'default'
2026-07-13 16:59:20 - WARN  [main] o.s.b.a.o.j.JpaBaseConfiguration$JpaWebConfiguration - spring.jpa.open-in-view is enabled by default. Therefore, database queries may be performed during view rendering. Explicitly configure spring.jpa.open-in-view to disable this warning
2026-07-13 16:59:23 - INFO  [main] c.f.f.FitlifespaApplicationTests - Started FitlifespaApplicationTests in 41.785 seconds (process running for 55.025)
]]></system-out>
  </testcase>
</testsuite>