GROUP,PACKAGE,CLASS,INSTRUCTION_MISSED,INSTRUCTION_COVERED,BRANCH_MISSED,BRANCH_COVERED,LINE_MISSED,LINE_COVERED,COMPLEXITY_MISSED,COMPLEXITY_COVERED,METHOD_MISSED,METHOD_COVERED
fitlifespa,com.fitlife.fitlifespa,FitlifespaApplication,5,3,0,0,2,1,1,1,1,1
fitlifespa,com.fitlife.fitlifespa.controller,AsistenciaController,0,141,0,4,0,21,0,11,0,9
fitlifespa,com.fitlife.fitlifespa.exception,ResourceNotFoundException,0,4,0,0,0,2,0,1,0,1
fitlifespa,com.fitlife.fitlifespa.exception,GlobalExceptionHandler,50,75,3,1,8,14,5,5,3,5
fitlifespa,com.fitlife.fitlifespa.service,AsistenciaService,0,124,0,0,0,38,0,10,0,10
