<?xml version="1.0" encoding="UTF-8"?>
<testsuite xmlns:xsi="http://www.w3.org/2001/XMLSchema-instance" xsi:noNamespaceSchemaLocation="https://maven.apache.org/surefire/maven-surefire-plugin/xsd/surefire-test-report.xsd" version="3.0.2" name="com.fitlife.fitlifespa.controller.AsistenciaControllerTest" time="18.693" tests="6" errors="0" skipped="0" failures="0" flakes="0">
  <properties>
[...]
</properties>
  <testcase name="obtenerTodosVacio" classname="com.fitlife.fitlifespa.controller.AsistenciaControllerTest" time="1.088">
    <system-out><![CDATA[13:37:10.456 [main] INFO org.springframework.test.context.support.AnnotationConfigContextLoaderUtils -- Could not detect default configuration classes for test class [com.fitlife.fitlifespa.controller.AsistenciaControllerTest]: AsistenciaControllerTest does not declare any static, non-private, non-final, nested classes annotated with @Configuration.
13:37:11.296 [main] INFO org.springframework.boot.test.context.SpringBootTestContextBootstrapper -- Found @SpringBootConfiguration com.fitlife.fitlifespa.FitlifespaApplication for test class com.fitlife.fitlifespa.controller.AsistenciaControllerTest

  .   ____          _            __ _ _
 /\\ / ___'_ __ _ _(_)_ __  __ _ \ \ \ \
( ( )\___ | '_ | '_| | '_ \/ _` | \ \ \ \
 \\/  ___)| |_)| | | | | || (_| |  ) ) ) )
  '  |____| .__|_| |_|_| |_\__, | / / / /
 =========|_|==============|___/=/_/_/_/

 :: Spring Boot ::               (v3.5.16)

2026-07-14 13:37:13 - INFO  [main] c.f.f.c.AsistenciaControllerTest - Starting AsistenciaControllerTest using Java 17.0.19 with PID 21264 (started by ignac in C:\dev\FitLife-SPA-Backend\FitLife-SPA-Backend\ms-asistencia-FitLife-SPA)
2026-07-14 13:37:13 - INFO  [main] c.f.f.c.AsistenciaControllerTest - The following 1 profile is active: "dev"
2026-07-14 13:37:24 - INFO  [main] o.s.b.t.m.w.SpringBootMockServletContext - Initializing Spring TestDispatcherServlet ''
2026-07-14 13:37:24 - INFO  [main] o.s.t.w.s.TestDispatcherServlet - Initializing Servlet ''
2026-07-14 13:37:24 - INFO  [main] o.s.t.w.s.TestDispatcherServlet - Completed initialization in 4 ms
2026-07-14 13:37:25 - INFO  [main] c.f.f.c.AsistenciaControllerTest - Started AsistenciaControllerTest in 13.567 seconds (process running for 18.27)
]]></system-out>
  </testcase>
  <testcase name="registrarEntrada" classname="com.fitlife.fitlifespa.controller.AsistenciaControllerTest" time="1.417">
    <system-out><![CDATA[2026-07-14 13:37:27 - INFO  [main] c.f.f.c.AsistenciaController - POST /api/asistencia -> entrada registrada id=1
]]></system-out>
  </testcase>
  <testcase name="obtenerPorId" classname="com.fitlife.fitlifespa.controller.AsistenciaControllerTest" time="0.032"/>
  <testcase name="obtenerTodos" classname="com.fitlife.fitlifespa.controller.AsistenciaControllerTest" time="0.066"/>
  <testcase name="obtenerPorIdNoExiste" classname="com.fitlife.fitlifespa.controller.AsistenciaControllerTest" time="0.055">
    <system-out><![CDATA[2026-07-14 13:37:28 - WARN  [main] c.f.f.e.GlobalExceptionHandler - Recurso no encontrado: El registro de asistencia con id 999 no existe
]]></system-out>
  </testcase>
  <testcase name="registrarSalida" classname="com.fitlife.fitlifespa.controller.AsistenciaControllerTest" time="0.042"/>
</testsuite>